{"C:\\Users\\minog\\Documents\\Cours\\MDS\\MyDigitalProject\\API\\controllers\\devisController.js": {"path":"C:\\Users\\minog\\Documents\\Cours\\MDS\\MyDigitalProject\\API\\controllers\\devisController.js","statementMap":{"0":{"start":{"line":1,"column":29},"end":{"line":1,"column":57}},"1":{"start":{"line":2,"column":50},"end":{"line":2,"column":70}},"2":{"start":{"line":3,"column":22},"end":{"line":3,"column":51}},"3":{"start":{"line":5,"column":24},"end":{"line":215,"column":1}},"4":{"start":{"line":7,"column":4},"end":{"line":31,"column":5}},"5":{"start":{"line":8,"column":6},"end":{"line":8,"column":53}},"6":{"start":{"line":9,"column":20},"end":{"line":25,"column":8}},"7":{"start":{"line":27,"column":6},"end":{"line":27,"column":79}},"8":{"start":{"line":29,"column":6},"end":{"line":29,"column":82}},"9":{"start":{"line":30,"column":6},"end":{"line":30,"column":95}},"10":{"start":{"line":35,"column":19},"end":{"line":35,"column":40}},"11":{"start":{"line":36,"column":4},"end":{"line":38,"column":5}},"12":{"start":{"line":37,"column":6},"end":{"line":37,"column":107}},"13":{"start":{"line":40,"column":4},"end":{"line":69,"column":5}},"14":{"start":{"line":41,"column":6},"end":{"line":41,"column":82}},"15":{"start":{"line":42,"column":20},"end":{"line":59,"column":8}},"16":{"start":{"line":60,"column":6},"end":{"line":63,"column":7}},"17":{"start":{"line":61,"column":8},"end":{"line":61,"column":68}},"18":{"start":{"line":62,"column":8},"end":{"line":62,"column":84}},"19":{"start":{"line":64,"column":6},"end":{"line":64,"column":67}},"20":{"start":{"line":65,"column":6},"end":{"line":65,"column":79}},"21":{"start":{"line":67,"column":6},"end":{"line":67,"column":108}},"22":{"start":{"line":68,"column":6},"end":{"line":68,"column":95}},"23":{"start":{"line":73,"column":19},"end":{"line":73,"column":40}},"24":{"start":{"line":74,"column":4},"end":{"line":76,"column":5}},"25":{"start":{"line":75,"column":6},"end":{"line":75,"column":107}},"26":{"start":{"line":78,"column":14},"end":{"line":78,"column":43}},"27":{"start":{"line":80,"column":4},"end":{"line":123,"column":5}},"28":{"start":{"line":81,"column":41},"end":{"line":81,"column":49}},"29":{"start":{"line":82,"column":20},"end":{"line":82,"column":69}},"30":{"start":{"line":84,"column":6},"end":{"line":92,"column":7}},"31":{"start":{"line":85,"column":37},"end":{"line":89,"column":11}},"32":{"start":{"line":85,"column":56},"end":{"line":89,"column":9}},"33":{"start":{"line":91,"column":8},"end":{"line":91,"column":81}},"34":{"start":{"line":94,"column":6},"end":{"line":94,"column":23}},"35":{"start":{"line":96,"column":27},"end":{"line":112,"column":8}},"36":{"start":{"line":114,"column":6},"end":{"line":118,"column":9}},"37":{"start":{"line":120,"column":6},"end":{"line":120,"column":25}},"38":{"start":{"line":121,"column":6},"end":{"line":121,"column":77}},"39":{"start":{"line":122,"column":6},"end":{"line":122,"column":95}},"40":{"start":{"line":127,"column":19},"end":{"line":127,"column":40}},"41":{"start":{"line":128,"column":4},"end":{"line":130,"column":5}},"42":{"start":{"line":129,"column":6},"end":{"line":129,"column":107}},"43":{"start":{"line":132,"column":14},"end":{"line":132,"column":43}},"44":{"start":{"line":134,"column":4},"end":{"line":191,"column":5}},"45":{"start":{"line":135,"column":41},"end":{"line":135,"column":49}},"46":{"start":{"line":136,"column":20},"end":{"line":136,"column":55}},"47":{"start":{"line":138,"column":6},"end":{"line":141,"column":7}},"48":{"start":{"line":139,"column":8},"end":{"line":139,"column":27}},"49":{"start":{"line":140,"column":8},"end":{"line":140,"column":84}},"50":{"start":{"line":143,"column":6},"end":{"line":143,"column":56}},"51":{"start":{"line":145,"column":6},"end":{"line":160,"column":7}},"52":{"start":{"line":147,"column":8},"end":{"line":150,"column":11}},"53":{"start":{"line":153,"column":37},"end":{"line":157,"column":11}},"54":{"start":{"line":153,"column":56},"end":{"line":157,"column":9}},"55":{"start":{"line":159,"column":8},"end":{"line":159,"column":81}},"56":{"start":{"line":162,"column":6},"end":{"line":162,"column":23}},"57":{"start":{"line":164,"column":27},"end":{"line":180,"column":8}},"58":{"start":{"line":182,"column":6},"end":{"line":186,"column":9}},"59":{"start":{"line":188,"column":6},"end":{"line":188,"column":25}},"60":{"start":{"line":189,"column":6},"end":{"line":189,"column":80}},"61":{"start":{"line":190,"column":6},"end":{"line":190,"column":95}},"62":{"start":{"line":195,"column":19},"end":{"line":195,"column":40}},"63":{"start":{"line":196,"column":4},"end":{"line":198,"column":5}},"64":{"start":{"line":197,"column":6},"end":{"line":197,"column":107}},"65":{"start":{"line":200,"column":4},"end":{"line":213,"column":5}},"66":{"start":{"line":201,"column":6},"end":{"line":201,"column":81}},"67":{"start":{"line":202,"column":20},"end":{"line":202,"column":55}},"68":{"start":{"line":203,"column":6},"end":{"line":206,"column":7}},"69":{"start":{"line":204,"column":8},"end":{"line":204,"column":68}},"70":{"start":{"line":205,"column":8},"end":{"line":205,"column":84}},"71":{"start":{"line":207,"column":6},"end":{"line":207,"column":28}},"72":{"start":{"line":208,"column":6},"end":{"line":208,"column":64}},"73":{"start":{"line":209,"column":6},"end":{"line":209,"column":64}},"74":{"start":{"line":211,"column":6},"end":{"line":211,"column":107}},"75":{"start":{"line":212,"column":6},"end":{"line":212,"column":95}},"76":{"start":{"line":217,"column":0},"end":{"line":217,"column":33}}},"fnMap":{"0":{"name":"(anonymous_0)","decl":{"start":{"line":6,"column":15},"end":{"line":6,"column":16}},"loc":{"start":{"line":6,"column":35},"end":{"line":32,"column":3}},"line":6},"1":{"name":"(anonymous_1)","decl":{"start":{"line":34,"column":16},"end":{"line":34,"column":17}},"loc":{"start":{"line":34,"column":36},"end":{"line":70,"column":3}},"line":34},"2":{"name":"(anonymous_2)","decl":{"start":{"line":72,"column":15},"end":{"line":72,"column":16}},"loc":{"start":{"line":72,"column":35},"end":{"line":124,"column":3}},"line":72},"3":{"name":"(anonymous_3)","decl":{"start":{"line":85,"column":50},"end":{"line":85,"column":51}},"loc":{"start":{"line":85,"column":56},"end":{"line":89,"column":9}},"line":85},"4":{"name":"(anonymous_4)","decl":{"start":{"line":126,"column":15},"end":{"line":126,"column":16}},"loc":{"start":{"line":126,"column":35},"end":{"line":192,"column":3}},"line":126},"5":{"name":"(anonymous_5)","decl":{"start":{"line":153,"column":50},"end":{"line":153,"column":51}},"loc":{"start":{"line":153,"column":56},"end":{"line":157,"column":9}},"line":153},"6":{"name":"(anonymous_6)","decl":{"start":{"line":194,"column":15},"end":{"line":194,"column":16}},"loc":{"start":{"line":194,"column":35},"end":{"line":214,"column":3}},"line":194}},"branchMap":{"0":{"loc":{"start":{"line":36,"column":4},"end":{"line":38,"column":5}},"type":"if","locations":[{"start":{"line":36,"column":4},"end":{"line":38,"column":5}},{"start":{},"end":{}}],"line":36},"1":{"loc":{"start":{"line":60,"column":6},"end":{"line":63,"column":7}},"type":"if","locations":[{"start":{"line":60,"column":6},"end":{"line":63,"column":7}},{"start":{},"end":{}}],"line":60},"2":{"loc":{"start":{"line":74,"column":4},"end":{"line":76,"column":5}},"type":"if","locations":[{"start":{"line":74,"column":4},"end":{"line":76,"column":5}},{"start":{},"end":{}}],"line":74},"3":{"loc":{"start":{"line":84,"column":6},"end":{"line":92,"column":7}},"type":"if","locations":[{"start":{"line":84,"column":6},"end":{"line":92,"column":7}},{"start":{},"end":{}}],"line":84},"4":{"loc":{"start":{"line":84,"column":10},"end":{"line":84,"column":45}},"type":"binary-expr","locations":[{"start":{"line":84,"column":10},"end":{"line":84,"column":18}},{"start":{"line":84,"column":22},"end":{"line":84,"column":45}}],"line":84},"5":{"loc":{"start":{"line":128,"column":4},"end":{"line":130,"column":5}},"type":"if","locations":[{"start":{"line":128,"column":4},"end":{"line":130,"column":5}},{"start":{},"end":{}}],"line":128},"6":{"loc":{"start":{"line":138,"column":6},"end":{"line":141,"column":7}},"type":"if","locations":[{"start":{"line":138,"column":6},"end":{"line":141,"column":7}},{"start":{},"end":{}}],"line":138},"7":{"loc":{"start":{"line":145,"column":6},"end":{"line":160,"column":7}},"type":"if","locations":[{"start":{"line":145,"column":6},"end":{"line":160,"column":7}},{"start":{},"end":{}}],"line":145},"8":{"loc":{"start":{"line":145,"column":10},"end":{"line":145,"column":45}},"type":"binary-expr","locations":[{"start":{"line":145,"column":10},"end":{"line":145,"column":18}},{"start":{"line":145,"column":22},"end":{"line":145,"column":45}}],"line":145},"9":{"loc":{"start":{"line":196,"column":4},"end":{"line":198,"column":5}},"type":"if","locations":[{"start":{"line":196,"column":4},"end":{"line":198,"column":5}},{"start":{},"end":{}}],"line":196},"10":{"loc":{"start":{"line":203,"column":6},"end":{"line":206,"column":7}},"type":"if","locations":[{"start":{"line":203,"column":6},"end":{"line":206,"column":7}},{"start":{},"end":{}}],"line":203}},"s":{"0":0,"1":0,"2":0,"3":0,"4":0,"5":0,"6":0,"7":0,"8":0,"9":0,"10":0,"11":0,"12":0,"13":0,"14":0,"15":0,"16":0,"17":0,"18":0,"19":0,"20":0,"21":0,"22":0,"23":0,"24":0,"25":0,"26":0,"27":0,"28":0,"29":0,"30":0,"31":0,"32":0,"33":0,"34":0,"35":0,"36":0,"37":0,"38":0,"39":0,"40":0,"41":0,"42":0,"43":0,"44":0,"45":0,"46":0,"47":0,"48":0,"49":0,"50":0,"51":0,"52":0,"53":0,"54":0,"55":0,"56":0,"57":0,"58":0,"59":0,"60":0,"61":0,"62":0,"63":0,"64":0,"65":0,"66":0,"67":0,"68":0,"69":0,"70":0,"71":0,"72":0,"73":0,"74":0,"75":0,"76":0},"f":{"0":0,"1":0,"2":0,"3":0,"4":0,"5":0,"6":0},"b":{"0":[0,0],"1":[0,0],"2":[0,0],"3":[0,0],"4":[0,0],"5":[0,0],"6":[0,0],"7":[0,0],"8":[0,0],"9":[0,0],"10":[0,0]}}
,"C:\\Users\\minog\\Documents\\Cours\\MDS\\MyDigitalProject\\API\\controllers\\fournisseurController.js": {"path":"C:\\Users\\minog\\Documents\\Cours\\MDS\\MyDigitalProject\\API\\controllers\\fournisseurController.js","statementMap":{"0":{"start":{"line":1,"column":29},"end":{"line":1,"column":57}},"1":{"start":{"line":2,"column":25},"end":{"line":2,"column":45}},"2":{"start":{"line":4,"column":30},"end":{"line":80,"column":1}},"3":{"start":{"line":6,"column":4},"end":{"line":11,"column":5}},"4":{"start":{"line":7,"column":27},"end":{"line":7,"column":55}},"5":{"start":{"line":8,"column":6},"end":{"line":8,"column":93}},"6":{"start":{"line":10,"column":6},"end":{"line":10,"column":95}},"7":{"start":{"line":15,"column":19},"end":{"line":15,"column":40}},"8":{"start":{"line":16,"column":4},"end":{"line":18,"column":5}},"9":{"start":{"line":17,"column":6},"end":{"line":17,"column":107}},"10":{"start":{"line":20,"column":4},"end":{"line":28,"column":5}},"11":{"start":{"line":21,"column":26},"end":{"line":21,"column":68}},"12":{"start":{"line":22,"column":6},"end":{"line":24,"column":7}},"13":{"start":{"line":23,"column":8},"end":{"line":23,"column":90}},"14":{"start":{"line":25,"column":6},"end":{"line":25,"column":91}},"15":{"start":{"line":27,"column":6},"end":{"line":27,"column":95}},"16":{"start":{"line":32,"column":19},"end":{"line":32,"column":40}},"17":{"start":{"line":33,"column":4},"end":{"line":35,"column":5}},"18":{"start":{"line":34,"column":6},"end":{"line":34,"column":107}},"19":{"start":{"line":37,"column":4},"end":{"line":42,"column":5}},"20":{"start":{"line":38,"column":26},"end":{"line":38,"column":61}},"21":{"start":{"line":39,"column":6},"end":{"line":39,"column":101}},"22":{"start":{"line":41,"column":6},"end":{"line":41,"column":95}},"23":{"start":{"line":46,"column":19},"end":{"line":46,"column":40}},"24":{"start":{"line":47,"column":4},"end":{"line":49,"column":5}},"25":{"start":{"line":48,"column":6},"end":{"line":48,"column":107}},"26":{"start":{"line":51,"column":4},"end":{"line":60,"column":5}},"27":{"start":{"line":52,"column":26},"end":{"line":52,"column":68}},"28":{"start":{"line":53,"column":6},"end":{"line":55,"column":7}},"29":{"start":{"line":54,"column":8},"end":{"line":54,"column":90}},"30":{"start":{"line":56,"column":6},"end":{"line":56,"column":41}},"31":{"start":{"line":57,"column":6},"end":{"line":57,"column":89}},"32":{"start":{"line":59,"column":6},"end":{"line":59,"column":95}},"33":{"start":{"line":64,"column":19},"end":{"line":64,"column":40}},"34":{"start":{"line":65,"column":4},"end":{"line":67,"column":5}},"35":{"start":{"line":66,"column":6},"end":{"line":66,"column":107}},"36":{"start":{"line":69,"column":4},"end":{"line":78,"column":5}},"37":{"start":{"line":70,"column":26},"end":{"line":70,"column":68}},"38":{"start":{"line":71,"column":6},"end":{"line":73,"column":7}},"39":{"start":{"line":72,"column":8},"end":{"line":72,"column":90}},"40":{"start":{"line":74,"column":6},"end":{"line":74,"column":34}},"41":{"start":{"line":75,"column":6},"end":{"line":75,"column":70}},"42":{"start":{"line":77,"column":6},"end":{"line":77,"column":95}},"43":{"start":{"line":82,"column":0},"end":{"line":82,"column":39}}},"fnMap":{"0":{"name":"(anonymous_0)","decl":{"start":{"line":5,"column":10},"end":{"line":5,"column":11}},"loc":{"start":{"line":5,"column":30},"end":{"line":12,"column":3}},"line":5},"1":{"name":"(anonymous_1)","decl":{"start":{"line":14,"column":11},"end":{"line":14,"column":12}},"loc":{"start":{"line":14,"column":31},"end":{"line":29,"column":3}},"line":14},"2":{"name":"(anonymous_2)","decl":{"start":{"line":31,"column":10},"end":{"line":31,"column":11}},"loc":{"start":{"line":31,"column":30},"end":{"line":43,"column":3}},"line":31},"3":{"name":"(anonymous_3)","decl":{"start":{"line":45,"column":10},"end":{"line":45,"column":11}},"loc":{"start":{"line":45,"column":30},"end":{"line":61,"column":3}},"line":45},"4":{"name":"(anonymous_4)","decl":{"start":{"line":63,"column":10},"end":{"line":63,"column":11}},"loc":{"start":{"line":63,"column":30},"end":{"line":79,"column":3}},"line":63}},"branchMap":{"0":{"loc":{"start":{"line":16,"column":4},"end":{"line":18,"column":5}},"type":"if","locations":[{"start":{"line":16,"column":4},"end":{"line":18,"column":5}},{"start":{},"end":{}}],"line":16},"1":{"loc":{"start":{"line":22,"column":6},"end":{"line":24,"column":7}},"type":"if","locations":[{"start":{"line":22,"column":6},"end":{"line":24,"column":7}},{"start":{},"end":{}}],"line":22},"2":{"loc":{"start":{"line":33,"column":4},"end":{"line":35,"column":5}},"type":"if","locations":[{"start":{"line":33,"column":4},"end":{"line":35,"column":5}},{"start":{},"end":{}}],"line":33},"3":{"loc":{"start":{"line":47,"column":4},"end":{"line":49,"column":5}},"type":"if","locations":[{"start":{"line":47,"column":4},"end":{"line":49,"column":5}},{"start":{},"end":{}}],"line":47},"4":{"loc":{"start":{"line":53,"column":6},"end":{"line":55,"column":7}},"type":"if","locations":[{"start":{"line":53,"column":6},"end":{"line":55,"column":7}},{"start":{},"end":{}}],"line":53},"5":{"loc":{"start":{"line":65,"column":4},"end":{"line":67,"column":5}},"type":"if","locations":[{"start":{"line":65,"column":4},"end":{"line":67,"column":5}},{"start":{},"end":{}}],"line":65},"6":{"loc":{"start":{"line":71,"column":6},"end":{"line":73,"column":7}},"type":"if","locations":[{"start":{"line":71,"column":6},"end":{"line":73,"column":7}},{"start":{},"end":{}}],"line":71}},"s":{"0":0,"1":0,"2":0,"3":0,"4":0,"5":0,"6":0,"7":0,"8":0,"9":0,"10":0,"11":0,"12":0,"13":0,"14":0,"15":0,"16":0,"17":0,"18":0,"19":0,"20":0,"21":0,"22":0,"23":0,"24":0,"25":0,"26":0,"27":0,"28":0,"29":0,"30":0,"31":0,"32":0,"33":0,"34":0,"35":0,"36":0,"37":0,"38":0,"39":0,"40":0,"41":0,"42":0,"43":0},"f":{"0":0,"1":0,"2":0,"3":0,"4":0},"b":{"0":[0,0],"1":[0,0],"2":[0,0],"3":[0,0],"4":[0,0],"5":[0,0],"6":[0,0]}}
,"C:\\Users\\minog\\Documents\\Cours\\MDS\\MyDigitalProject\\API\\controllers\\mediaController.js": {"path":"C:\\Users\\minog\\Documents\\Cours\\MDS\\MyDigitalProject\\API\\controllers\\mediaController.js","statementMap":{"0":{"start":{"line":1,"column":29},"end":{"line":1,"column":57}},"1":{"start":{"line":2,"column":18},"end":{"line":2,"column":38}},"2":{"start":{"line":4,"column":24},"end":{"line":80,"column":1}},"3":{"start":{"line":6,"column":4},"end":{"line":11,"column":5}},"4":{"start":{"line":7,"column":21},"end":{"line":7,"column":42}},"5":{"start":{"line":8,"column":6},"end":{"line":8,"column":81}},"6":{"start":{"line":10,"column":6},"end":{"line":10,"column":95}},"7":{"start":{"line":15,"column":19},"end":{"line":15,"column":40}},"8":{"start":{"line":16,"column":4},"end":{"line":18,"column":5}},"9":{"start":{"line":17,"column":6},"end":{"line":17,"column":107}},"10":{"start":{"line":20,"column":4},"end":{"line":28,"column":5}},"11":{"start":{"line":21,"column":20},"end":{"line":21,"column":55}},"12":{"start":{"line":22,"column":6},"end":{"line":24,"column":7}},"13":{"start":{"line":23,"column":8},"end":{"line":23,"column":84}},"14":{"start":{"line":25,"column":6},"end":{"line":25,"column":79}},"15":{"start":{"line":27,"column":6},"end":{"line":27,"column":95}},"16":{"start":{"line":32,"column":19},"end":{"line":32,"column":40}},"17":{"start":{"line":33,"column":4},"end":{"line":35,"column":5}},"18":{"start":{"line":34,"column":6},"end":{"line":34,"column":107}},"19":{"start":{"line":37,"column":4},"end":{"line":42,"column":5}},"20":{"start":{"line":38,"column":20},"end":{"line":38,"column":48}},"21":{"start":{"line":39,"column":6},"end":{"line":39,"column":89}},"22":{"start":{"line":41,"column":6},"end":{"line":41,"column":95}},"23":{"start":{"line":46,"column":19},"end":{"line":46,"column":40}},"24":{"start":{"line":47,"column":4},"end":{"line":49,"column":5}},"25":{"start":{"line":48,"column":6},"end":{"line":48,"column":107}},"26":{"start":{"line":51,"column":4},"end":{"line":60,"column":5}},"27":{"start":{"line":52,"column":20},"end":{"line":52,"column":55}},"28":{"start":{"line":53,"column":6},"end":{"line":55,"column":7}},"29":{"start":{"line":54,"column":8},"end":{"line":54,"column":84}},"30":{"start":{"line":56,"column":6},"end":{"line":56,"column":35}},"31":{"start":{"line":57,"column":6},"end":{"line":57,"column":77}},"32":{"start":{"line":59,"column":6},"end":{"line":59,"column":95}},"33":{"start":{"line":64,"column":19},"end":{"line":64,"column":40}},"34":{"start":{"line":65,"column":4},"end":{"line":67,"column":5}},"35":{"start":{"line":66,"column":6},"end":{"line":66,"column":107}},"36":{"start":{"line":69,"column":4},"end":{"line":78,"column":5}},"37":{"start":{"line":70,"column":20},"end":{"line":70,"column":55}},"38":{"start":{"line":71,"column":6},"end":{"line":73,"column":7}},"39":{"start":{"line":72,"column":8},"end":{"line":72,"column":84}},"40":{"start":{"line":74,"column":6},"end":{"line":74,"column":28}},"41":{"start":{"line":75,"column":6},"end":{"line":75,"column":64}},"42":{"start":{"line":77,"column":6},"end":{"line":77,"column":95}},"43":{"start":{"line":82,"column":0},"end":{"line":82,"column":33}}},"fnMap":{"0":{"name":"(anonymous_0)","decl":{"start":{"line":5,"column":10},"end":{"line":5,"column":11}},"loc":{"start":{"line":5,"column":30},"end":{"line":12,"column":3}},"line":5},"1":{"name":"(anonymous_1)","decl":{"start":{"line":14,"column":11},"end":{"line":14,"column":12}},"loc":{"start":{"line":14,"column":31},"end":{"line":29,"column":3}},"line":14},"2":{"name":"(anonymous_2)","decl":{"start":{"line":31,"column":10},"end":{"line":31,"column":11}},"loc":{"start":{"line":31,"column":30},"end":{"line":43,"column":3}},"line":31},"3":{"name":"(anonymous_3)","decl":{"start":{"line":45,"column":10},"end":{"line":45,"column":11}},"loc":{"start":{"line":45,"column":30},"end":{"line":61,"column":3}},"line":45},"4":{"name":"(anonymous_4)","decl":{"start":{"line":63,"column":10},"end":{"line":63,"column":11}},"loc":{"start":{"line":63,"column":30},"end":{"line":79,"column":3}},"line":63}},"branchMap":{"0":{"loc":{"start":{"line":16,"column":4},"end":{"line":18,"column":5}},"type":"if","locations":[{"start":{"line":16,"column":4},"end":{"line":18,"column":5}},{"start":{},"end":{}}],"line":16},"1":{"loc":{"start":{"line":22,"column":6},"end":{"line":24,"column":7}},"type":"if","locations":[{"start":{"line":22,"column":6},"end":{"line":24,"column":7}},{"start":{},"end":{}}],"line":22},"2":{"loc":{"start":{"line":33,"column":4},"end":{"line":35,"column":5}},"type":"if","locations":[{"start":{"line":33,"column":4},"end":{"line":35,"column":5}},{"start":{},"end":{}}],"line":33},"3":{"loc":{"start":{"line":47,"column":4},"end":{"line":49,"column":5}},"type":"if","locations":[{"start":{"line":47,"column":4},"end":{"line":49,"column":5}},{"start":{},"end":{}}],"line":47},"4":{"loc":{"start":{"line":53,"column":6},"end":{"line":55,"column":7}},"type":"if","locations":[{"start":{"line":53,"column":6},"end":{"line":55,"column":7}},{"start":{},"end":{}}],"line":53},"5":{"loc":{"start":{"line":65,"column":4},"end":{"line":67,"column":5}},"type":"if","locations":[{"start":{"line":65,"column":4},"end":{"line":67,"column":5}},{"start":{},"end":{}}],"line":65},"6":{"loc":{"start":{"line":71,"column":6},"end":{"line":73,"column":7}},"type":"if","locations":[{"start":{"line":71,"column":6},"end":{"line":73,"column":7}},{"start":{},"end":{}}],"line":71}},"s":{"0":0,"1":0,"2":0,"3":0,"4":0,"5":0,"6":0,"7":0,"8":0,"9":0,"10":0,"11":0,"12":0,"13":0,"14":0,"15":0,"16":0,"17":0,"18":0,"19":0,"20":0,"21":0,"22":0,"23":0,"24":0,"25":0,"26":0,"27":0,"28":0,"29":0,"30":0,"31":0,"32":0,"33":0,"34":0,"35":0,"36":0,"37":0,"38":0,"39":0,"40":0,"41":0,"42":0,"43":0},"f":{"0":0,"1":0,"2":0,"3":0,"4":0},"b":{"0":[0,0],"1":[0,0],"2":[0,0],"3":[0,0],"4":[0,0],"5":[0,0],"6":[0,0]}}
,"C:\\Users\\minog\\Documents\\Cours\\MDS\\MyDigitalProject\\API\\controllers\\produitController.js": {"path":"C:\\Users\\minog\\Documents\\Cours\\MDS\\MyDigitalProject\\API\\controllers\\produitController.js","statementMap":{"0":{"start":{"line":1,"column":29},"end":{"line":1,"column":57}},"1":{"start":{"line":2,"column":20},"end":{"line":2,"column":40}},"2":{"start":{"line":4,"column":26},"end":{"line":80,"column":1}},"3":{"start":{"line":6,"column":4},"end":{"line":11,"column":5}},"4":{"start":{"line":7,"column":23},"end":{"line":7,"column":46}},"5":{"start":{"line":8,"column":6},"end":{"line":8,"column":85}},"6":{"start":{"line":10,"column":6},"end":{"line":10,"column":95}},"7":{"start":{"line":15,"column":19},"end":{"line":15,"column":40}},"8":{"start":{"line":16,"column":4},"end":{"line":18,"column":5}},"9":{"start":{"line":17,"column":6},"end":{"line":17,"column":107}},"10":{"start":{"line":20,"column":4},"end":{"line":28,"column":5}},"11":{"start":{"line":21,"column":22},"end":{"line":21,"column":59}},"12":{"start":{"line":22,"column":6},"end":{"line":24,"column":7}},"13":{"start":{"line":23,"column":8},"end":{"line":23,"column":86}},"14":{"start":{"line":25,"column":6},"end":{"line":25,"column":83}},"15":{"start":{"line":27,"column":6},"end":{"line":27,"column":95}},"16":{"start":{"line":32,"column":19},"end":{"line":32,"column":40}},"17":{"start":{"line":33,"column":4},"end":{"line":35,"column":5}},"18":{"start":{"line":34,"column":6},"end":{"line":34,"column":107}},"19":{"start":{"line":37,"column":4},"end":{"line":42,"column":5}},"20":{"start":{"line":38,"column":22},"end":{"line":38,"column":52}},"21":{"start":{"line":39,"column":6},"end":{"line":39,"column":93}},"22":{"start":{"line":41,"column":6},"end":{"line":41,"column":95}},"23":{"start":{"line":46,"column":19},"end":{"line":46,"column":40}},"24":{"start":{"line":47,"column":4},"end":{"line":49,"column":5}},"25":{"start":{"line":48,"column":6},"end":{"line":48,"column":107}},"26":{"start":{"line":51,"column":4},"end":{"line":60,"column":5}},"27":{"start":{"line":52,"column":22},"end":{"line":52,"column":59}},"28":{"start":{"line":53,"column":6},"end":{"line":55,"column":7}},"29":{"start":{"line":54,"column":8},"end":{"line":54,"column":86}},"30":{"start":{"line":56,"column":6},"end":{"line":56,"column":37}},"31":{"start":{"line":57,"column":6},"end":{"line":57,"column":81}},"32":{"start":{"line":59,"column":6},"end":{"line":59,"column":95}},"33":{"start":{"line":64,"column":19},"end":{"line":64,"column":40}},"34":{"start":{"line":65,"column":4},"end":{"line":67,"column":5}},"35":{"start":{"line":66,"column":6},"end":{"line":66,"column":107}},"36":{"start":{"line":69,"column":4},"end":{"line":78,"column":5}},"37":{"start":{"line":70,"column":22},"end":{"line":70,"column":59}},"38":{"start":{"line":71,"column":6},"end":{"line":73,"column":7}},"39":{"start":{"line":72,"column":8},"end":{"line":72,"column":86}},"40":{"start":{"line":74,"column":6},"end":{"line":74,"column":30}},"41":{"start":{"line":75,"column":6},"end":{"line":75,"column":66}},"42":{"start":{"line":77,"column":6},"end":{"line":77,"column":95}},"43":{"start":{"line":82,"column":0},"end":{"line":82,"column":35}}},"fnMap":{"0":{"name":"(anonymous_0)","decl":{"start":{"line":5,"column":18},"end":{"line":5,"column":19}},"loc":{"start":{"line":5,"column":38},"end":{"line":12,"column":3}},"line":5},"1":{"name":"(anonymous_1)","decl":{"start":{"line":14,"column":18},"end":{"line":14,"column":19}},"loc":{"start":{"line":14,"column":38},"end":{"line":29,"column":3}},"line":14},"2":{"name":"(anonymous_2)","decl":{"start":{"line":31,"column":17},"end":{"line":31,"column":18}},"loc":{"start":{"line":31,"column":37},"end":{"line":43,"column":3}},"line":31},"3":{"name":"(anonymous_3)","decl":{"start":{"line":45,"column":17},"end":{"line":45,"column":18}},"loc":{"start":{"line":45,"column":37},"end":{"line":61,"column":3}},"line":45},"4":{"name":"(anonymous_4)","decl":{"start":{"line":63,"column":17},"end":{"line":63,"column":18}},"loc":{"start":{"line":63,"column":37},"end":{"line":79,"column":3}},"line":63}},"branchMap":{"0":{"loc":{"start":{"line":16,"column":4},"end":{"line":18,"column":5}},"type":"if","locations":[{"start":{"line":16,"column":4},"end":{"line":18,"column":5}},{"start":{},"end":{}}],"line":16},"1":{"loc":{"start":{"line":22,"column":6},"end":{"line":24,"column":7}},"type":"if","locations":[{"start":{"line":22,"column":6},"end":{"line":24,"column":7}},{"start":{},"end":{}}],"line":22},"2":{"loc":{"start":{"line":33,"column":4},"end":{"line":35,"column":5}},"type":"if","locations":[{"start":{"line":33,"column":4},"end":{"line":35,"column":5}},{"start":{},"end":{}}],"line":33},"3":{"loc":{"start":{"line":47,"column":4},"end":{"line":49,"column":5}},"type":"if","locations":[{"start":{"line":47,"column":4},"end":{"line":49,"column":5}},{"start":{},"end":{}}],"line":47},"4":{"loc":{"start":{"line":53,"column":6},"end":{"line":55,"column":7}},"type":"if","locations":[{"start":{"line":53,"column":6},"end":{"line":55,"column":7}},{"start":{},"end":{}}],"line":53},"5":{"loc":{"start":{"line":65,"column":4},"end":{"line":67,"column":5}},"type":"if","locations":[{"start":{"line":65,"column":4},"end":{"line":67,"column":5}},{"start":{},"end":{}}],"line":65},"6":{"loc":{"start":{"line":71,"column":6},"end":{"line":73,"column":7}},"type":"if","locations":[{"start":{"line":71,"column":6},"end":{"line":73,"column":7}},{"start":{},"end":{}}],"line":71}},"s":{"0":0,"1":0,"2":0,"3":0,"4":0,"5":0,"6":0,"7":0,"8":0,"9":0,"10":0,"11":0,"12":0,"13":0,"14":0,"15":0,"16":0,"17":0,"18":0,"19":0,"20":0,"21":0,"22":0,"23":0,"24":0,"25":0,"26":0,"27":0,"28":0,"29":0,"30":0,"31":0,"32":0,"33":0,"34":0,"35":0,"36":0,"37":0,"38":0,"39":0,"40":0,"41":0,"42":0,"43":0},"f":{"0":0,"1":0,"2":0,"3":0,"4":0},"b":{"0":[0,0],"1":[0,0],"2":[0,0],"3":[0,0],"4":[0,0],"5":[0,0],"6":[0,0]}}
,"C:\\Users\\minog\\Documents\\Cours\\MDS\\MyDigitalProject\\API\\controllers\\projetController.js": {"path":"C:\\Users\\minog\\Documents\\Cours\\MDS\\MyDigitalProject\\API\\controllers\\projetController.js","statementMap":{"0":{"start":{"line":1,"column":29},"end":{"line":1,"column":57}},"1":{"start":{"line":2,"column":39},"end":{"line":2,"column":59}},"2":{"start":{"line":4,"column":25},"end":{"line":107,"column":1}},"3":{"start":{"line":6,"column":4},"end":{"line":22,"column":5}},"4":{"start":{"line":7,"column":22},"end":{"line":18,"column":8}},"5":{"start":{"line":19,"column":6},"end":{"line":19,"column":83}},"6":{"start":{"line":21,"column":6},"end":{"line":21,"column":95}},"7":{"start":{"line":26,"column":19},"end":{"line":26,"column":40}},"8":{"start":{"line":27,"column":4},"end":{"line":29,"column":5}},"9":{"start":{"line":28,"column":6},"end":{"line":28,"column":107}},"10":{"start":{"line":31,"column":4},"end":{"line":50,"column":5}},"11":{"start":{"line":32,"column":21},"end":{"line":43,"column":8}},"12":{"start":{"line":44,"column":6},"end":{"line":46,"column":7}},"13":{"start":{"line":45,"column":8},"end":{"line":45,"column":86}},"14":{"start":{"line":47,"column":6},"end":{"line":47,"column":81}},"15":{"start":{"line":49,"column":6},"end":{"line":49,"column":95}},"16":{"start":{"line":54,"column":19},"end":{"line":54,"column":40}},"17":{"start":{"line":55,"column":4},"end":{"line":57,"column":5}},"18":{"start":{"line":56,"column":6},"end":{"line":56,"column":107}},"19":{"start":{"line":59,"column":4},"end":{"line":69,"column":5}},"20":{"start":{"line":60,"column":26},"end":{"line":60,"column":77}},"21":{"start":{"line":61,"column":6},"end":{"line":63,"column":7}},"22":{"start":{"line":62,"column":8},"end":{"line":62,"column":91}},"23":{"start":{"line":65,"column":21},"end":{"line":65,"column":50}},"24":{"start":{"line":66,"column":6},"end":{"line":66,"column":91}},"25":{"start":{"line":68,"column":6},"end":{"line":68,"column":95}},"26":{"start":{"line":73,"column":19},"end":{"line":73,"column":40}},"27":{"start":{"line":74,"column":4},"end":{"line":76,"column":5}},"28":{"start":{"line":75,"column":6},"end":{"line":75,"column":107}},"29":{"start":{"line":78,"column":4},"end":{"line":87,"column":5}},"30":{"start":{"line":79,"column":21},"end":{"line":79,"column":57}},"31":{"start":{"line":80,"column":6},"end":{"line":82,"column":7}},"32":{"start":{"line":81,"column":8},"end":{"line":81,"column":86}},"33":{"start":{"line":83,"column":6},"end":{"line":83,"column":36}},"34":{"start":{"line":84,"column":6},"end":{"line":84,"column":79}},"35":{"start":{"line":86,"column":6},"end":{"line":86,"column":95}},"36":{"start":{"line":91,"column":19},"end":{"line":91,"column":40}},"37":{"start":{"line":92,"column":4},"end":{"line":94,"column":5}},"38":{"start":{"line":93,"column":6},"end":{"line":93,"column":107}},"39":{"start":{"line":96,"column":4},"end":{"line":105,"column":5}},"40":{"start":{"line":97,"column":21},"end":{"line":97,"column":57}},"41":{"start":{"line":98,"column":6},"end":{"line":100,"column":7}},"42":{"start":{"line":99,"column":8},"end":{"line":99,"column":86}},"43":{"start":{"line":101,"column":6},"end":{"line":101,"column":29}},"44":{"start":{"line":102,"column":6},"end":{"line":102,"column":78}},"45":{"start":{"line":104,"column":6},"end":{"line":104,"column":95}},"46":{"start":{"line":109,"column":0},"end":{"line":109,"column":34}}},"fnMap":{"0":{"name":"(anonymous_0)","decl":{"start":{"line":5,"column":17},"end":{"line":5,"column":18}},"loc":{"start":{"line":5,"column":37},"end":{"line":23,"column":3}},"line":5},"1":{"name":"(anonymous_1)","decl":{"start":{"line":25,"column":17},"end":{"line":25,"column":18}},"loc":{"start":{"line":25,"column":37},"end":{"line":51,"column":3}},"line":25},"2":{"name":"(anonymous_2)","decl":{"start":{"line":53,"column":16},"end":{"line":53,"column":17}},"loc":{"start":{"line":53,"column":36},"end":{"line":70,"column":3}},"line":53},"3":{"name":"(anonymous_3)","decl":{"start":{"line":72,"column":16},"end":{"line":72,"column":17}},"loc":{"start":{"line":72,"column":36},"end":{"line":88,"column":3}},"line":72},"4":{"name":"(anonymous_4)","decl":{"start":{"line":90,"column":16},"end":{"line":90,"column":17}},"loc":{"start":{"line":90,"column":36},"end":{"line":106,"column":3}},"line":90}},"branchMap":{"0":{"loc":{"start":{"line":27,"column":4},"end":{"line":29,"column":5}},"type":"if","locations":[{"start":{"line":27,"column":4},"end":{"line":29,"column":5}},{"start":{},"end":{}}],"line":27},"1":{"loc":{"start":{"line":44,"column":6},"end":{"line":46,"column":7}},"type":"if","locations":[{"start":{"line":44,"column":6},"end":{"line":46,"column":7}},{"start":{},"end":{}}],"line":44},"2":{"loc":{"start":{"line":55,"column":4},"end":{"line":57,"column":5}},"type":"if","locations":[{"start":{"line":55,"column":4},"end":{"line":57,"column":5}},{"start":{},"end":{}}],"line":55},"3":{"loc":{"start":{"line":61,"column":6},"end":{"line":63,"column":7}},"type":"if","locations":[{"start":{"line":61,"column":6},"end":{"line":63,"column":7}},{"start":{},"end":{}}],"line":61},"4":{"loc":{"start":{"line":74,"column":4},"end":{"line":76,"column":5}},"type":"if","locations":[{"start":{"line":74,"column":4},"end":{"line":76,"column":5}},{"start":{},"end":{}}],"line":74},"5":{"loc":{"start":{"line":80,"column":6},"end":{"line":82,"column":7}},"type":"if","locations":[{"start":{"line":80,"column":6},"end":{"line":82,"column":7}},{"start":{},"end":{}}],"line":80},"6":{"loc":{"start":{"line":92,"column":4},"end":{"line":94,"column":5}},"type":"if","locations":[{"start":{"line":92,"column":4},"end":{"line":94,"column":5}},{"start":{},"end":{}}],"line":92},"7":{"loc":{"start":{"line":98,"column":6},"end":{"line":100,"column":7}},"type":"if","locations":[{"start":{"line":98,"column":6},"end":{"line":100,"column":7}},{"start":{},"end":{}}],"line":98}},"s":{"0":0,"1":0,"2":0,"3":0,"4":0,"5":0,"6":0,"7":0,"8":0,"9":0,"10":0,"11":0,"12":0,"13":0,"14":0,"15":0,"16":0,"17":0,"18":0,"19":0,"20":0,"21":0,"22":0,"23":0,"24":0,"25":0,"26":0,"27":0,"28":0,"29":0,"30":0,"31":0,"32":0,"33":0,"34":0,"35":0,"36":0,"37":0,"38":0,"39":0,"40":0,"41":0,"42":0,"43":0,"44":0,"45":0,"46":0},"f":{"0":0,"1":0,"2":0,"3":0,"4":0},"b":{"0":[0,0],"1":[0,0],"2":[0,0],"3":[0,0],"4":[0,0],"5":[0,0],"6":[0,0],"7":[0,0]}}
,"C:\\Users\\minog\\Documents\\Cours\\MDS\\MyDigitalProject\\API\\controllers\\userController.js": {"path":"C:\\Users\\minog\\Documents\\Cours\\MDS\\MyDigitalProject\\API\\controllers\\userController.js","statementMap":{"0":{"start":{"line":1,"column":24},"end":{"line":1,"column":44}},"1":{"start":{"line":2,"column":15},"end":{"line":2,"column":34}},"2":{"start":{"line":4,"column":23},"end":{"line":167,"column":1}},"3":{"start":{"line":8,"column":4},"end":{"line":37,"column":5}},"4":{"start":{"line":9,"column":40},"end":{"line":9,"column":48}},"5":{"start":{"line":13,"column":21},"end":{"line":13,"column":68}},"6":{"start":{"line":15,"column":8},"end":{"line":18,"column":9}},"7":{"start":{"line":17,"column":12},"end":{"line":17,"column":88}},"8":{"start":{"line":24,"column":32},"end":{"line":24,"column":85}},"9":{"start":{"line":27,"column":8},"end":{"line":29,"column":9}},"10":{"start":{"line":28,"column":12},"end":{"line":28,"column":88}},"11":{"start":{"line":31,"column":22},"end":{"line":31,"column":42}},"12":{"start":{"line":32,"column":8},"end":{"line":32,"column":28}},"13":{"start":{"line":35,"column":8},"end":{"line":35,"column":55}},"14":{"start":{"line":36,"column":8},"end":{"line":36,"column":55}},"15":{"start":{"line":42,"column":4},"end":{"line":71,"column":5}},"16":{"start":{"line":43,"column":68},"end":{"line":43,"column":76}},"17":{"start":{"line":46,"column":22},"end":{"line":53,"column":8}},"18":{"start":{"line":58,"column":20},"end":{"line":58,"column":43}},"19":{"start":{"line":59,"column":6},"end":{"line":66,"column":9}},"20":{"start":{"line":69,"column":6},"end":{"line":69,"column":56}},"21":{"start":{"line":70,"column":6},"end":{"line":70,"column":53}},"22":{"start":{"line":98,"column":4},"end":{"line":103,"column":5}},"23":{"start":{"line":99,"column":20},"end":{"line":99,"column":47}},"24":{"start":{"line":100,"column":6},"end":{"line":100,"column":22}},"25":{"start":{"line":102,"column":6},"end":{"line":102,"column":53}},"26":{"start":{"line":108,"column":4},"end":{"line":113,"column":5}},"27":{"start":{"line":109,"column":19},"end":{"line":109,"column":58}},"28":{"start":{"line":110,"column":6},"end":{"line":110,"column":21}},"29":{"start":{"line":112,"column":6},"end":{"line":112,"column":53}},"30":{"start":{"line":117,"column":4},"end":{"line":164,"column":5}},"31":{"start":{"line":118,"column":21},"end":{"line":118,"column":32}},"32":{"start":{"line":119,"column":83},"end":{"line":119,"column":91}},"33":{"start":{"line":121,"column":19},"end":{"line":121,"column":53}},"34":{"start":{"line":122,"column":6},"end":{"line":124,"column":7}},"35":{"start":{"line":123,"column":8},"end":{"line":123,"column":75}},"36":{"start":{"line":127,"column":6},"end":{"line":140,"column":7}},"37":{"start":{"line":128,"column":8},"end":{"line":130,"column":9}},"38":{"start":{"line":129,"column":10},"end":{"line":129,"column":117}},"39":{"start":{"line":132,"column":32},"end":{"line":132,"column":92}},"40":{"start":{"line":133,"column":8},"end":{"line":135,"column":9}},"41":{"start":{"line":134,"column":10},"end":{"line":134,"column":84}},"42":{"start":{"line":138,"column":31},"end":{"line":138,"column":66}},"43":{"start":{"line":139,"column":8},"end":{"line":139,"column":43}},"44":{"start":{"line":143,"column":6},"end":{"line":148,"column":9}},"45":{"start":{"line":150,"column":6},"end":{"line":160,"column":9}},"46":{"start":{"line":162,"column":6},"end":{"line":162,"column":54}},"47":{"start":{"line":163,"column":6},"end":{"line":163,"column":53}},"48":{"start":{"line":168,"column":0},"end":{"line":168,"column":32}}},"fnMap":{"0":{"name":"(anonymous_0)","decl":{"start":{"line":7,"column":13},"end":{"line":7,"column":14}},"loc":{"start":{"line":7,"column":33},"end":{"line":38,"column":3}},"line":7},"1":{"name":"(anonymous_1)","decl":{"start":{"line":41,"column":16},"end":{"line":41,"column":17}},"loc":{"start":{"line":41,"column":36},"end":{"line":72,"column":3}},"line":41},"2":{"name":"(anonymous_2)","decl":{"start":{"line":97,"column":15},"end":{"line":97,"column":16}},"loc":{"start":{"line":97,"column":35},"end":{"line":104,"column":3}},"line":97},"3":{"name":"(anonymous_3)","decl":{"start":{"line":107,"column":14},"end":{"line":107,"column":15}},"loc":{"start":{"line":107,"column":34},"end":{"line":114,"column":3}},"line":107},"4":{"name":"(anonymous_4)","decl":{"start":{"line":116,"column":14},"end":{"line":116,"column":15}},"loc":{"start":{"line":116,"column":34},"end":{"line":165,"column":3}},"line":116}},"branchMap":{"0":{"loc":{"start":{"line":15,"column":8},"end":{"line":18,"column":9}},"type":"if","locations":[{"start":{"line":15,"column":8},"end":{"line":18,"column":9}},{"start":{},"end":{}}],"line":15},"1":{"loc":{"start":{"line":27,"column":8},"end":{"line":29,"column":9}},"type":"if","locations":[{"start":{"line":27,"column":8},"end":{"line":29,"column":9}},{"start":{},"end":{}}],"line":27},"2":{"loc":{"start":{"line":122,"column":6},"end":{"line":124,"column":7}},"type":"if","locations":[{"start":{"line":122,"column":6},"end":{"line":124,"column":7}},{"start":{},"end":{}}],"line":122},"3":{"loc":{"start":{"line":127,"column":6},"end":{"line":140,"column":7}},"type":"if","locations":[{"start":{"line":127,"column":6},"end":{"line":140,"column":7}},{"start":{},"end":{}}],"line":127},"4":{"loc":{"start":{"line":128,"column":8},"end":{"line":130,"column":9}},"type":"if","locations":[{"start":{"line":128,"column":8},"end":{"line":130,"column":9}},{"start":{},"end":{}}],"line":128},"5":{"loc":{"start":{"line":133,"column":8},"end":{"line":135,"column":9}},"type":"if","locations":[{"start":{"line":133,"column":8},"end":{"line":135,"column":9}},{"start":{},"end":{}}],"line":133},"6":{"loc":{"start":{"line":144,"column":13},"end":{"line":144,"column":28}},"type":"binary-expr","locations":[{"start":{"line":144,"column":13},"end":{"line":144,"column":16}},{"start":{"line":144,"column":20},"end":{"line":144,"column":28}}],"line":144},"7":{"loc":{"start":{"line":145,"column":16},"end":{"line":145,"column":37}},"type":"binary-expr","locations":[{"start":{"line":145,"column":16},"end":{"line":145,"column":22}},{"start":{"line":145,"column":26},"end":{"line":145,"column":37}}],"line":145},"8":{"loc":{"start":{"line":146,"column":15},"end":{"line":146,"column":34}},"type":"binary-expr","locations":[{"start":{"line":146,"column":15},"end":{"line":146,"column":20}},{"start":{"line":146,"column":24},"end":{"line":146,"column":34}}],"line":146},"9":{"loc":{"start":{"line":147,"column":19},"end":{"line":147,"column":46}},"type":"binary-expr","locations":[{"start":{"line":147,"column":19},"end":{"line":147,"column":28}},{"start":{"line":147,"column":32},"end":{"line":147,"column":46}}],"line":147}},"s":{"0":2,"1":2,"2":2,"3":3,"4":3,"5":3,"6":3,"7":1,"8":2,"9":2,"10":1,"11":1,"12":1,"13":0,"14":0,"15":1,"16":1,"17":1,"18":1,"19":1,"20":0,"21":0,"22":2,"23":2,"24":1,"25":1,"26":0,"27":0,"28":0,"29":0,"30":0,"31":0,"32":0,"33":0,"34":0,"35":0,"36":0,"37":0,"38":0,"39":0,"40":0,"41":0,"42":0,"43":0,"44":0,"45":0,"46":0,"47":0,"48":2},"f":{"0":3,"1":1,"2":2,"3":0,"4":0},"b":{"0":[1,2],"1":[1,1],"2":[0,0],"3":[0,0],"4":[0,0],"5":[0,0],"6":[0,0],"7":[0,0],"8":[0,0],"9":[0,0]},"_coverageSchema":"1a1c01bbd47fc00a2c39e90264f33305004495a9","hash":"970248a74d59fba1bdac5b637cbd4a6e3158f073"}
,"C:\\Users\\minog\\Documents\\Cours\\MDS\\MyDigitalProject\\API\\middleware\\auth.js": {"path":"C:\\Users\\minog\\Documents\\Cours\\MDS\\MyDigitalProject\\API\\middleware\\auth.js","statementMap":{"0":{"start":{"line":1,"column":12},"end":{"line":1,"column":35}},"1":{"start":{"line":3,"column":13},"end":{"line":10,"column":1}},"2":{"start":{"line":4,"column":4},"end":{"line":9,"column":5}},"3":{"start":{"line":5,"column":22},"end":{"line":5,"column":72}},"4":{"start":{"line":6,"column":24},"end":{"line":6,"column":65}},"5":{"start":{"line":6,"column":67},"end":{"line":6,"column":86}},"6":{"start":{"line":6,"column":87},"end":{"line":6,"column":94}},"7":{"start":{"line":8,"column":8},"end":{"line":8,"column":70}},"8":{"start":{"line":12,"column":0},"end":{"line":12,"column":22}}},"fnMap":{"0":{"name":"(anonymous_0)","decl":{"start":{"line":3,"column":13},"end":{"line":3,"column":14}},"loc":{"start":{"line":3,"column":33},"end":{"line":10,"column":1}},"line":3}},"branchMap":{},"s":{"0":1,"1":1,"2":3,"3":3,"4":2,"5":1,"6":1,"7":2,"8":1},"f":{"0":3},"b":{},"_coverageSchema":"1a1c01bbd47fc00a2c39e90264f33305004495a9","hash":"5b7367c82e2f4771041f9186ebdd8fa0101273b0"}
,"C:\\Users\\minog\\Documents\\Cours\\MDS\\MyDigitalProject\\API\\middleware\\rateLimiter.js": {"path":"C:\\Users\\minog\\Documents\\Cours\\MDS\\MyDigitalProject\\API\\middleware\\rateLimiter.js","statementMap":{"0":{"start":{"line":1,"column":18},"end":{"line":1,"column":47}},"1":{"start":{"line":3,"column":21},"end":{"line":7,"column":2}},"2":{"start":{"line":9,"column":24},"end":{"line":13,"column":2}},"3":{"start":{"line":15,"column":0},"end":{"line":15,"column":51}}},"fnMap":{},"branchMap":{"0":{"loc":{"start":{"line":4,"column":12},"end":{"line":4,"column":67}},"type":"binary-expr","locations":[{"start":{"line":4,"column":12},"end":{"line":4,"column":49}},{"start":{"line":4,"column":53},"end":{"line":4,"column":67}}],"line":4},"1":{"loc":{"start":{"line":5,"column":7},"end":{"line":5,"column":52}},"type":"binary-expr","locations":[{"start":{"line":5,"column":7},"end":{"line":5,"column":47}},{"start":{"line":5,"column":51},"end":{"line":5,"column":52}}],"line":5},"2":{"loc":{"start":{"line":10,"column":12},"end":{"line":10,"column":70}},"type":"binary-expr","locations":[{"start":{"line":10,"column":12},"end":{"line":10,"column":52}},{"start":{"line":10,"column":56},"end":{"line":10,"column":70}}],"line":10},"3":{"loc":{"start":{"line":11,"column":7},"end":{"line":11,"column":55}},"type":"binary-expr","locations":[{"start":{"line":11,"column":7},"end":{"line":11,"column":50}},{"start":{"line":11,"column":54},"end":{"line":11,"column":55}}],"line":11}},"s":{"0":4,"1":4,"2":4,"3":4},"f":{},"b":{"0":[4,3],"1":[4,3],"2":[4,3],"3":[4,3]},"_coverageSchema":"1a1c01bbd47fc00a2c39e90264f33305004495a9","hash":"b6351cfb8ac6345b6864324000dc53a65847b149"}
,"C:\\Users\\minog\\Documents\\Cours\\MDS\\MyDigitalProject\\API\\models\\Devis.js": {"path":"C:\\Users\\minog\\Documents\\Cours\\MDS\\MyDigitalProject\\API\\models\\Devis.js","statementMap":{"0":{"start":{"line":1,"column":29},"end":{"line":1,"column":49}},"1":{"start":{"line":2,"column":22},"end":{"line":2,"column":51}},"2":{"start":{"line":6,"column":0},"end":{"line":41,"column":3}},"3":{"start":{"line":43,"column":0},"end":{"line":43,"column":23}}},"fnMap":{},"branchMap":{},"s":{"0":1,"1":1,"2":1,"3":1},"f":{},"b":{},"_coverageSchema":"1a1c01bbd47fc00a2c39e90264f33305004495a9","hash":"f2cef9ce14ce83b4dd40099aea1f834c390aaab5"}
,"C:\\Users\\minog\\Documents\\Cours\\MDS\\MyDigitalProject\\API\\models\\DevisProduits.js": {"path":"C:\\Users\\minog\\Documents\\Cours\\MDS\\MyDigitalProject\\API\\models\\DevisProduits.js","statementMap":{"0":{"start":{"line":1,"column":29},"end":{"line":1,"column":49}},"1":{"start":{"line":2,"column":22},"end":{"line":2,"column":51}},"2":{"start":{"line":6,"column":0},"end":{"line":40,"column":3}},"3":{"start":{"line":42,"column":0},"end":{"line":42,"column":31}}},"fnMap":{},"branchMap":{},"s":{"0":1,"1":1,"2":1,"3":1},"f":{},"b":{},"_coverageSchema":"1a1c01bbd47fc00a2c39e90264f33305004495a9","hash":"cb342deca4ade4bfd0bed25fdf0459b944228478"}
,"C:\\Users\\minog\\Documents\\Cours\\MDS\\MyDigitalProject\\API\\models\\Fournisseurs.js": {"path":"C:\\Users\\minog\\Documents\\Cours\\MDS\\MyDigitalProject\\API\\models\\Fournisseurs.js","statementMap":{"0":{"start":{"line":1,"column":29},"end":{"line":1,"column":49}},"1":{"start":{"line":2,"column":22},"end":{"line":2,"column":51}},"2":{"start":{"line":6,"column":0},"end":{"line":21,"column":3}},"3":{"start":{"line":23,"column":0},"end":{"line":23,"column":30}}},"fnMap":{},"branchMap":{},"s":{"0":1,"1":1,"2":1,"3":1},"f":{},"b":{},"_coverageSchema":"1a1c01bbd47fc00a2c39e90264f33305004495a9","hash":"757c808dff7f37ff79e137ab3547017c3ba21c88"}
,"C:\\Users\\minog\\Documents\\Cours\\MDS\\MyDigitalProject\\API\\models\\Media.js": {"path":"C:\\Users\\minog\\Documents\\Cours\\MDS\\MyDigitalProject\\API\\models\\Media.js","statementMap":{"0":{"start":{"line":1,"column":29},"end":{"line":1,"column":49}},"1":{"start":{"line":2,"column":22},"end":{"line":2,"column":51}},"2":{"start":{"line":6,"column":0},"end":{"line":33,"column":3}},"3":{"start":{"line":35,"column":0},"end":{"line":35,"column":23}}},"fnMap":{},"branchMap":{},"s":{"0":1,"1":1,"2":1,"3":1},"f":{},"b":{},"_coverageSchema":"1a1c01bbd47fc00a2c39e90264f33305004495a9","hash":"c78db0ca1387ccc1422f9bf2c02a60a922c71699"}
,"C:\\Users\\minog\\Documents\\Cours\\MDS\\MyDigitalProject\\API\\models\\Produit.js": {"path":"C:\\Users\\minog\\Documents\\Cours\\MDS\\MyDigitalProject\\API\\models\\Produit.js","statementMap":{"0":{"start":{"line":1,"column":29},"end":{"line":1,"column":49}},"1":{"start":{"line":2,"column":22},"end":{"line":2,"column":51}},"2":{"start":{"line":6,"column":0},"end":{"line":45,"column":3}},"3":{"start":{"line":47,"column":0},"end":{"line":47,"column":25}}},"fnMap":{},"branchMap":{},"s":{"0":1,"1":1,"2":1,"3":1},"f":{},"b":{},"_coverageSchema":"1a1c01bbd47fc00a2c39e90264f33305004495a9","hash":"793b159262fb17b0c52a6010024afb5cce95dc6b"}
,"C:\\Users\\minog\\Documents\\Cours\\MDS\\MyDigitalProject\\API\\models\\Projet.js": {"path":"C:\\Users\\minog\\Documents\\Cours\\MDS\\MyDigitalProject\\API\\models\\Projet.js","statementMap":{"0":{"start":{"line":1,"column":29},"end":{"line":1,"column":49}},"1":{"start":{"line":2,"column":22},"end":{"line":2,"column":51}},"2":{"start":{"line":6,"column":0},"end":{"line":49,"column":3}},"3":{"start":{"line":51,"column":0},"end":{"line":51,"column":24}}},"fnMap":{},"branchMap":{},"s":{"0":1,"1":1,"2":1,"3":1},"f":{},"b":{},"_coverageSchema":"1a1c01bbd47fc00a2c39e90264f33305004495a9","hash":"3226f09f5c7d52907a1c8329dd6d6994b629ce68"}
,"C:\\Users\\minog\\Documents\\Cours\\MDS\\MyDigitalProject\\API\\models\\Utilisateur.js": {"path":"C:\\Users\\minog\\Documents\\Cours\\MDS\\MyDigitalProject\\API\\models\\Utilisateur.js","statementMap":{"0":{"start":{"line":1,"column":29},"end":{"line":1,"column":49}},"1":{"start":{"line":2,"column":22},"end":{"line":2,"column":51}},"2":{"start":{"line":3,"column":15},"end":{"line":3,"column":34}},"3":{"start":{"line":4,"column":12},"end":{"line":4,"column":35}},"4":{"start":{"line":13,"column":4},"end":{"line":20,"column":5}},"5":{"start":{"line":14,"column":22},"end":{"line":14,"column":71}},"6":{"start":{"line":16,"column":6},"end":{"line":16,"column":21}},"7":{"start":{"line":18,"column":6},"end":{"line":18,"column":57}},"8":{"start":{"line":19,"column":6},"end":{"line":19,"column":19}},"9":{"start":{"line":24,"column":4},"end":{"line":28,"column":6}},"10":{"start":{"line":32,"column":0},"end":{"line":75,"column":3}},"11":{"start":{"line":70,"column":6},"end":{"line":72,"column":7}},"12":{"start":{"line":71,"column":8},"end":{"line":71,"column":69}},"13":{"start":{"line":77,"column":0},"end":{"line":77,"column":29}}},"fnMap":{"0":{"name":"(anonymous_0)","decl":{"start":{"line":7,"column":2},"end":{"line":7,"column":3}},"loc":{"start":{"line":7,"column":34},"end":{"line":21,"column":3}},"line":7},"1":{"name":"(anonymous_1)","decl":{"start":{"line":23,"column":2},"end":{"line":23,"column":3}},"loc":{"start":{"line":23,"column":18},"end":{"line":29,"column":3}},"line":23},"2":{"name":"(anonymous_2)","decl":{"start":{"line":69,"column":18},"end":{"line":69,"column":19}},"loc":{"start":{"line":69,"column":34},"end":{"line":73,"column":5}},"line":69}},"branchMap":{"0":{"loc":{"start":{"line":70,"column":6},"end":{"line":72,"column":7}},"type":"if","locations":[{"start":{"line":70,"column":6},"end":{"line":72,"column":7}},{"start":{},"end":{}}],"line":70}},"s":{"0":1,"1":1,"2":1,"3":1,"4":0,"5":0,"6":0,"7":0,"8":0,"9":0,"10":1,"11":0,"12":0,"13":1},"f":{"0":0,"1":0,"2":0},"b":{"0":[0,0]},"_coverageSchema":"1a1c01bbd47fc00a2c39e90264f33305004495a9","hash":"37367a998b420267fcba2bbd573c8bb9c1e4aead"}
,"C:\\Users\\minog\\Documents\\Cours\\MDS\\MyDigitalProject\\API\\models\\index.js": {"path":"C:\\Users\\minog\\Documents\\Cours\\MDS\\MyDigitalProject\\API\\models\\index.js","statementMap":{"0":{"start":{"line":1,"column":22},"end":{"line":1,"column":51}},"1":{"start":{"line":2,"column":22},"end":{"line":2,"column":42}},"2":{"start":{"line":3,"column":20},"end":{"line":3,"column":44}},"3":{"start":{"line":4,"column":15},"end":{"line":4,"column":34}},"4":{"start":{"line":5,"column":14},"end":{"line":5,"column":32}},"5":{"start":{"line":6,"column":16},"end":{"line":6,"column":36}},"6":{"start":{"line":7,"column":21},"end":{"line":7,"column":46}},"7":{"start":{"line":8,"column":14},"end":{"line":8,"column":32}},"8":{"start":{"line":9,"column":22},"end":{"line":9,"column":48}},"9":{"start":{"line":12,"column":0},"end":{"line":15,"column":3}},"10":{"start":{"line":17,"column":0},"end":{"line":19,"column":3}},"11":{"start":{"line":21,"column":0},"end":{"line":24,"column":3}},"12":{"start":{"line":26,"column":0},"end":{"line":28,"column":3}},"13":{"start":{"line":30,"column":0},"end":{"line":33,"column":3}},"14":{"start":{"line":35,"column":0},"end":{"line":37,"column":3}},"15":{"start":{"line":39,"column":0},"end":{"line":42,"column":3}},"16":{"start":{"line":44,"column":0},"end":{"line":46,"column":3}},"17":{"start":{"line":49,"column":0},"end":{"line":54,"column":3}},"18":{"start":{"line":56,"column":0},"end":{"line":61,"column":3}},"19":{"start":{"line":63,"column":0},"end":{"line":72,"column":2}}},"fnMap":{},"branchMap":{},"s":{"0":1,"1":1,"2":1,"3":1,"4":1,"5":1,"6":1,"7":1,"8":1,"9":1,"10":1,"11":1,"12":1,"13":1,"14":1,"15":1,"16":1,"17":1,"18":1,"19":1},"f":{},"b":{},"_coverageSchema":"1a1c01bbd47fc00a2c39e90264f33305004495a9","hash":"c4def61504e5ee44175d3fa278821a730cea3d58"}
,"C:\\Users\\minog\\Documents\\Cours\\MDS\\MyDigitalProject\\API\\routes\\devisRoutes.js": {"path":"C:\\Users\\minog\\Documents\\Cours\\MDS\\MyDigitalProject\\API\\routes\\devisRoutes.js","statementMap":{"0":{"start":{"line":1,"column":16},"end":{"line":1,"column":34}},"1":{"start":{"line":2,"column":24},"end":{"line":2,"column":52}},"2":{"start":{"line":3,"column":24},"end":{"line":3,"column":65}},"3":{"start":{"line":4,"column":13},"end":{"line":4,"column":42}},"4":{"start":{"line":6,"column":15},"end":{"line":6,"column":31}},"5":{"start":{"line":9,"column":29},"end":{"line":20,"column":1}},"6":{"start":{"line":23,"column":0},"end":{"line":23,"column":51}},"7":{"start":{"line":24,"column":0},"end":{"line":24,"column":114}},"8":{"start":{"line":25,"column":0},"end":{"line":25,"column":74}},"9":{"start":{"line":26,"column":0},"end":{"line":26,"column":140}},"10":{"start":{"line":27,"column":0},"end":{"line":27,"column":116}},"11":{"start":{"line":29,"column":0},"end":{"line":29,"column":24}}},"fnMap":{},"branchMap":{},"s":{"0":0,"1":0,"2":0,"3":0,"4":0,"5":0,"6":0,"7":0,"8":0,"9":0,"10":0,"11":0},"f":{},"b":{}}
,"C:\\Users\\minog\\Documents\\Cours\\MDS\\MyDigitalProject\\API\\routes\\fournisseursRoutes.js": {"path":"C:\\Users\\minog\\Documents\\Cours\\MDS\\MyDigitalProject\\API\\routes\\fournisseursRoutes.js","statementMap":{"0":{"start":{"line":1,"column":16},"end":{"line":1,"column":34}},"1":{"start":{"line":2,"column":24},"end":{"line":2,"column":52}},"2":{"start":{"line":3,"column":30},"end":{"line":3,"column":77}},"3":{"start":{"line":4,"column":13},"end":{"line":4,"column":42}},"4":{"start":{"line":6,"column":15},"end":{"line":6,"column":31}},"5":{"start":{"line":9,"column":24},"end":{"line":14,"column":1}},"6":{"start":{"line":17,"column":0},"end":{"line":17,"column":52}},"7":{"start":{"line":18,"column":0},"end":{"line":18,"column":115}},"8":{"start":{"line":19,"column":0},"end":{"line":19,"column":70}},"9":{"start":{"line":20,"column":0},"end":{"line":20,"column":136}},"10":{"start":{"line":21,"column":0},"end":{"line":21,"column":117}},"11":{"start":{"line":23,"column":0},"end":{"line":23,"column":24}}},"fnMap":{},"branchMap":{},"s":{"0":0,"1":0,"2":0,"3":0,"4":0,"5":0,"6":0,"7":0,"8":0,"9":0,"10":0,"11":0},"f":{},"b":{}}
,"C:\\Users\\minog\\Documents\\Cours\\MDS\\MyDigitalProject\\API\\routes\\mediaRoutes.js": {"path":"C:\\Users\\minog\\Documents\\Cours\\MDS\\MyDigitalProject\\API\\routes\\mediaRoutes.js","statementMap":{"0":{"start":{"line":1,"column":16},"end":{"line":1,"column":34}},"1":{"start":{"line":2,"column":24},"end":{"line":2,"column":52}},"2":{"start":{"line":3,"column":24},"end":{"line":3,"column":65}},"3":{"start":{"line":4,"column":13},"end":{"line":4,"column":42}},"4":{"start":{"line":6,"column":15},"end":{"line":6,"column":31}},"5":{"start":{"line":9,"column":24},"end":{"line":17,"column":1}},"6":{"start":{"line":20,"column":0},"end":{"line":20,"column":46}},"7":{"start":{"line":21,"column":0},"end":{"line":21,"column":109}},"8":{"start":{"line":22,"column":0},"end":{"line":22,"column":64}},"9":{"start":{"line":23,"column":0},"end":{"line":23,"column":130}},"10":{"start":{"line":24,"column":0},"end":{"line":24,"column":111}},"11":{"start":{"line":26,"column":0},"end":{"line":26,"column":24}}},"fnMap":{},"branchMap":{},"s":{"0":0,"1":0,"2":0,"3":0,"4":0,"5":0,"6":0,"7":0,"8":0,"9":0,"10":0,"11":0},"f":{},"b":{}}
,"C:\\Users\\minog\\Documents\\Cours\\MDS\\MyDigitalProject\\API\\routes\\produitRoutes.js": {"path":"C:\\Users\\minog\\Documents\\Cours\\MDS\\MyDigitalProject\\API\\routes\\produitRoutes.js","statementMap":{"0":{"start":{"line":1,"column":16},"end":{"line":1,"column":34}},"1":{"start":{"line":2,"column":24},"end":{"line":2,"column":52}},"2":{"start":{"line":3,"column":26},"end":{"line":3,"column":69}},"3":{"start":{"line":4,"column":13},"end":{"line":4,"column":42}},"4":{"start":{"line":6,"column":15},"end":{"line":6,"column":31}},"5":{"start":{"line":9,"column":31},"end":{"line":26,"column":1}},"6":{"start":{"line":29,"column":37},"end":{"line":49,"column":1}},"7":{"start":{"line":52,"column":0},"end":{"line":52,"column":55}},"8":{"start":{"line":53,"column":0},"end":{"line":53,"column":117}},"9":{"start":{"line":54,"column":0},"end":{"line":54,"column":79}},"10":{"start":{"line":55,"column":0},"end":{"line":55,"column":151}},"11":{"start":{"line":56,"column":0},"end":{"line":56,"column":119}},"12":{"start":{"line":58,"column":0},"end":{"line":58,"column":24}}},"fnMap":{},"branchMap":{},"s":{"0":0,"1":0,"2":0,"3":0,"4":0,"5":0,"6":0,"7":0,"8":0,"9":0,"10":0,"11":0,"12":0},"f":{},"b":{}}
,"C:\\Users\\minog\\Documents\\Cours\\MDS\\MyDigitalProject\\API\\routes\\projetRoutes.js": {"path":"C:\\Users\\minog\\Documents\\Cours\\MDS\\MyDigitalProject\\API\\routes\\projetRoutes.js","statementMap":{"0":{"start":{"line":1,"column":16},"end":{"line":1,"column":34}},"1":{"start":{"line":2,"column":24},"end":{"line":2,"column":52}},"2":{"start":{"line":3,"column":25},"end":{"line":3,"column":67}},"3":{"start":{"line":4,"column":13},"end":{"line":4,"column":42}},"4":{"start":{"line":6,"column":15},"end":{"line":6,"column":31}},"5":{"start":{"line":9,"column":30},"end":{"line":24,"column":1}},"6":{"start":{"line":27,"column":36},"end":{"line":47,"column":1}},"7":{"start":{"line":50,"column":0},"end":{"line":50,"column":54}},"8":{"start":{"line":51,"column":0},"end":{"line":51,"column":116}},"9":{"start":{"line":52,"column":0},"end":{"line":52,"column":77}},"10":{"start":{"line":53,"column":0},"end":{"line":53,"column":149}},"11":{"start":{"line":54,"column":0},"end":{"line":54,"column":118}},"12":{"start":{"line":56,"column":0},"end":{"line":56,"column":24}}},"fnMap":{},"branchMap":{},"s":{"0":0,"1":0,"2":0,"3":0,"4":0,"5":0,"6":0,"7":0,"8":0,"9":0,"10":0,"11":0,"12":0},"f":{},"b":{}}
,"C:\\Users\\minog\\Documents\\Cours\\MDS\\MyDigitalProject\\API\\routes\\utilisateurRoutes.js": {"path":"C:\\Users\\minog\\Documents\\Cours\\MDS\\MyDigitalProject\\API\\routes\\utilisateurRoutes.js","statementMap":{"0":{"start":{"line":1,"column":16},"end":{"line":1,"column":34}},"1":{"start":{"line":2,"column":36},"end":{"line":2,"column":64}},"2":{"start":{"line":3,"column":15},"end":{"line":3,"column":31}},"3":{"start":{"line":4,"column":23},"end":{"line":4,"column":63}},"4":{"start":{"line":5,"column":13},"end":{"line":5,"column":42}},"5":{"start":{"line":6,"column":42},"end":{"line":6,"column":78}},"6":{"start":{"line":8,"column":0},"end":{"line":22,"column":2}},"7":{"start":{"line":15,"column":19},"end":{"line":15,"column":40}},"8":{"start":{"line":16,"column":4},"end":{"line":18,"column":5}},"9":{"start":{"line":17,"column":6},"end":{"line":17,"column":62}},"10":{"start":{"line":19,"column":4},"end":{"line":19,"column":11}},"11":{"start":{"line":24,"column":0},"end":{"line":42,"column":2}},"12":{"start":{"line":35,"column":19},"end":{"line":35,"column":40}},"13":{"start":{"line":36,"column":4},"end":{"line":38,"column":5}},"14":{"start":{"line":37,"column":6},"end":{"line":37,"column":62}},"15":{"start":{"line":39,"column":4},"end":{"line":39,"column":11}},"16":{"start":{"line":44,"column":0},"end":{"line":44,"column":56}},"17":{"start":{"line":45,"column":0},"end":{"line":45,"column":50}},"18":{"start":{"line":47,"column":0},"end":{"line":65,"column":2}},"19":{"start":{"line":58,"column":19},"end":{"line":58,"column":40}},"20":{"start":{"line":59,"column":4},"end":{"line":61,"column":5}},"21":{"start":{"line":60,"column":6},"end":{"line":60,"column":62}},"22":{"start":{"line":62,"column":4},"end":{"line":62,"column":11}},"23":{"start":{"line":67,"column":0},"end":{"line":67,"column":24}}},"fnMap":{"0":{"name":"(anonymous_0)","decl":{"start":{"line":14,"column":2},"end":{"line":14,"column":3}},"loc":{"start":{"line":14,"column":22},"end":{"line":20,"column":3}},"line":14},"1":{"name":"(anonymous_1)","decl":{"start":{"line":34,"column":2},"end":{"line":34,"column":3}},"loc":{"start":{"line":34,"column":22},"end":{"line":40,"column":3}},"line":34},"2":{"name":"(anonymous_2)","decl":{"start":{"line":57,"column":2},"end":{"line":57,"column":3}},"loc":{"start":{"line":57,"column":22},"end":{"line":63,"column":3}},"line":57}},"branchMap":{"0":{"loc":{"start":{"line":16,"column":4},"end":{"line":18,"column":5}},"type":"if","locations":[{"start":{"line":16,"column":4},"end":{"line":18,"column":5}},{"start":{},"end":{}}],"line":16},"1":{"loc":{"start":{"line":36,"column":4},"end":{"line":38,"column":5}},"type":"if","locations":[{"start":{"line":36,"column":4},"end":{"line":38,"column":5}},{"start":{},"end":{}}],"line":36},"2":{"loc":{"start":{"line":59,"column":4},"end":{"line":61,"column":5}},"type":"if","locations":[{"start":{"line":59,"column":4},"end":{"line":61,"column":5}},{"start":{},"end":{}}],"line":59}},"s":{"0":1,"1":1,"2":1,"3":1,"4":1,"5":1,"6":1,"7":3,"8":3,"9":2,"10":1,"11":1,"12":2,"13":2,"14":1,"15":1,"16":1,"17":1,"18":1,"19":0,"20":0,"21":0,"22":0,"23":1},"f":{"0":3,"1":2,"2":0},"b":{"0":[2,1],"1":[1,1],"2":[0,0]},"_coverageSchema":"1a1c01bbd47fc00a2c39e90264f33305004495a9","hash":"90abd8cb715b899a5ee2170896f9d9eee0a721bb"}
}
